  [1m[35m (698.6ms)[0m  [1m[35mCREATE DATABASE "habit_backend_app_development" ENCODING = 'unicode'[0m
  [1m[35m (252.3ms)[0m  [1m[35mCREATE DATABASE "habit_backend_app_test" ENCODING = 'unicode'[0m
  [1m[35m (74.4ms)[0m  [1m[35mCREATE TABLE "schema_migrations" ("version" character varying NOT NULL PRIMARY KEY)[0m
  [1m[35m (34.2ms)[0m  [1m[35mCREATE TABLE "ar_internal_metadata" ("key" character varying NOT NULL PRIMARY KEY, "value" character varying, "created_at" timestamp(6) NOT NULL, "updated_at" timestamp(6) NOT NULL)[0m
  [1m[35m (11.8ms)[0m  [1m[34mSELECT pg_try_advisory_lock(3809182142468526495)[0m
  [1m[35m (3.2ms)[0m  [1m[34mSELECT "schema_migrations"."version" FROM "schema_migrations" ORDER BY "schema_migrations"."version" ASC[0m
Migrating to CreateUsers (20200831065245)
  [1m[35m (0.3ms)[0m  [1m[35mBEGIN[0m
  [1m[35m (48.0ms)[0m  [1m[35mCREATE TABLE "users" ("id" bigserial primary key, "firstName" character varying, "lastName" character varying, "email" character varying, "username" character varying, "password" character varying, "created_at" timestamp(6) NOT NULL, "updated_at" timestamp(6) NOT NULL)[0m
  [1m[36mprimary::SchemaMigration Create (3.7ms)[0m  [1m[32mINSERT INTO "schema_migrations" ("version") VALUES ($1) RETURNING "version"[0m  [["version", "20200831065245"]]
  [1m[35m (2.4ms)[0m  [1m[35mCOMMIT[0m
Migrating to CreateHabits (20200831070329)
  [1m[35m (0.4ms)[0m  [1m[34mSELECT pg_advisory_unlock(3809182142468526495)[0m
  [1m[35m (0.3ms)[0m  [1m[34mSELECT pg_try_advisory_lock(3809182142468526495)[0m
  [1m[35m (1.3ms)[0m  [1m[34mSELECT "schema_migrations"."version" FROM "schema_migrations" ORDER BY "schema_migrations"."version" ASC[0m
Migrating to CreateHabits (20200831070329)
  [1m[35m (0.3ms)[0m  [1m[35mBEGIN[0m
  [1m[35m (23.2ms)[0m  [1m[35mCREATE TABLE "habits" ("id" bigserial primary key, "user_id" integer, "type" character varying, "name" character varying, "description" character varying, "dateCreated" integer, "progress" integer, "counter" integer, "percentage" integer, "dailyWinConfirmation" boolean, "created_at" timestamp(6) NOT NULL, "updated_at" timestamp(6) NOT NULL)[0m
  [1m[36mprimary::SchemaMigration Create (0.4ms)[0m  [1m[32mINSERT INTO "schema_migrations" ("version") VALUES ($1) RETURNING "version"[0m  [["version", "20200831070329"]]
  [1m[35m (2.3ms)[0m  [1m[35mCOMMIT[0m
Migrating to CreateReminders (20200831070541)
  [1m[35m (6.1ms)[0m  [1m[35mBEGIN[0m
  [1m[35m (8.6ms)[0m  [1m[35mCREATE TABLE "reminders" ("id" bigserial primary key, "habit_id" integer, "duration" integer, "startDate" integer, "endDate" integer, "active" boolean, "stickified" boolean, "created_at" timestamp(6) NOT NULL, "updated_at" timestamp(6) NOT NULL)[0m
  [1m[36mprimary::SchemaMigration Create (0.9ms)[0m  [1m[32mINSERT INTO "schema_migrations" ("version") VALUES ($1) RETURNING "version"[0m  [["version", "20200831070541"]]
  [1m[35m (5.5ms)[0m  [1m[35mCOMMIT[0m
  [1m[36mActiveRecord::InternalMetadata Load (7.5ms)[0m  [1m[34mSELECT "ar_internal_metadata".* FROM "ar_internal_metadata" WHERE "ar_internal_metadata"."key" = $1 LIMIT $2[0m  [["key", "environment"], ["LIMIT", 1]]
  [1m[35m (0.2ms)[0m  [1m[35mBEGIN[0m
  [1m[36mActiveRecord::InternalMetadata Create (3.3ms)[0m  [1m[32mINSERT INTO "ar_internal_metadata" ("key", "value", "created_at", "updated_at") VALUES ($1, $2, $3, $4) RETURNING "key"[0m  [["key", "environment"], ["value", "development"], ["created_at", "2020-08-31 07:11:54.828774"], ["updated_at", "2020-08-31 07:11:54.828774"]]
  [1m[35m (2.3ms)[0m  [1m[35mCOMMIT[0m
  [1m[35m (0.6ms)[0m  [1m[34mSELECT pg_advisory_unlock(3809182142468526495)[0m
  [1m[35m (1.0ms)[0m  [1m[34mSELECT "schema_migrations"."version" FROM "schema_migrations" ORDER BY "schema_migrations"."version" ASC[0m
  [1m[35m (1.2ms)[0m  [1m[34mSELECT "schema_migrations"."version" FROM "schema_migrations" ORDER BY "schema_migrations"."version" ASC[0m
  [1m[35m (0.8ms)[0m  [1m[34mSELECT "ar_internal_metadata"."value" FROM "ar_internal_metadata" WHERE "ar_internal_metadata"."key" = $1[0m  [["key", "environment"]]
  [1m[35m (0.5ms)[0m  [1m[34mSELECT "schema_migrations"."version" FROM "schema_migrations" ORDER BY "schema_migrations"."version" ASC[0m
  [1m[35m (0.3ms)[0m  [1m[34mSELECT "ar_internal_metadata"."value" FROM "ar_internal_metadata" WHERE "ar_internal_metadata"."key" = $1[0m  [["key", "environment"]]
  [1m[35m (0.3ms)[0m  [1m[34mSELECT "schema_migrations"."version" FROM "schema_migrations" ORDER BY "schema_migrations"."version" ASC[0m
  [1m[35m (0.3ms)[0m  [1m[34mSELECT "ar_internal_metadata"."value" FROM "ar_internal_metadata" WHERE "ar_internal_metadata"."key" = $1[0m  [["key", "environment"]]
  [1m[35m (95.7ms)[0m  [1m[35mDROP DATABASE IF EXISTS "habit_backend_app_development"[0m
  [1m[35m (98.5ms)[0m  [1m[35mDROP DATABASE IF EXISTS "habit_backend_app_test"[0m
  [1m[35m (445.3ms)[0m  [1m[35mCREATE DATABASE "habit_backend_app_development" ENCODING = 'unicode'[0m
  [1m[35m (193.2ms)[0m  [1m[35mCREATE DATABASE "habit_backend_app_test" ENCODING = 'unicode'[0m
  [1m[35m (52.4ms)[0m  [1m[35mCREATE TABLE "schema_migrations" ("version" character varying NOT NULL PRIMARY KEY)[0m
  [1m[35m (24.8ms)[0m  [1m[35mCREATE TABLE "ar_internal_metadata" ("key" character varying NOT NULL PRIMARY KEY, "value" character varying, "created_at" timestamp(6) NOT NULL, "updated_at" timestamp(6) NOT NULL)[0m
  [1m[35m (6.4ms)[0m  [1m[34mSELECT pg_try_advisory_lock(3809182142468526495)[0m
  [1m[35m (0.9ms)[0m  [1m[34mSELECT "schema_migrations"."version" FROM "schema_migrations" ORDER BY "schema_migrations"."version" ASC[0m
Migrating to CreateUsers (20200831065245)
  [1m[35m (0.3ms)[0m  [1m[35mBEGIN[0m
  [1m[35m (34.8ms)[0m  [1m[35mCREATE TABLE "users" ("id" bigserial primary key, "firstName" character varying, "lastName" character varying, "email" character varying, "username" character varying, "password" character varying, "created_at" timestamp(6) NOT NULL, "updated_at" timestamp(6) NOT NULL)[0m
  [1m[36mprimary::SchemaMigration Create (3.3ms)[0m  [1m[32mINSERT INTO "schema_migrations" ("version") VALUES ($1) RETURNING "version"[0m  [["version", "20200831065245"]]
  [1m[35m (2.3ms)[0m  [1m[35mCOMMIT[0m
Migrating to CreateHabits (20200831070329)
  [1m[35m (6.2ms)[0m  [1m[35mBEGIN[0m
  [1m[35m (31.4ms)[0m  [1m[35mCREATE TABLE "habits" ("id" bigserial primary key, "user_id" integer, "type" character varying, "name" character varying, "description" character varying, "dateCreated" integer, "progress" integer, "counter" integer, "percentage" integer, "dailyWinConfirmation" boolean, "created_at" timestamp(6) NOT NULL, "updated_at" timestamp(6) NOT NULL)[0m
  [1m[36mprimary::SchemaMigration Create (0.4ms)[0m  [1m[32mINSERT INTO "schema_migrations" ("version") VALUES ($1) RETURNING "version"[0m  [["version", "20200831070329"]]
  [1m[35m (2.2ms)[0m  [1m[35mCOMMIT[0m
Migrating to CreateReminders (20200831070541)
  [1m[35m (15.0ms)[0m  [1m[35mBEGIN[0m
  [1m[35m (36.7ms)[0m  [1m[35mCREATE TABLE "reminders" ("id" bigserial primary key, "habit_id" integer, "duration" integer, "startDate" integer, "endDate" integer, "active" boolean, "stickified" boolean, "created_at" timestamp(6) NOT NULL, "updated_at" timestamp(6) NOT NULL)[0m
  [1m[36mprimary::SchemaMigration Create (30.4ms)[0m  [1m[32mINSERT INTO "schema_migrations" ("version") VALUES ($1) RETURNING "version"[0m  [["version", "20200831070541"]]
  [1m[35m (4.0ms)[0m  [1m[35mCOMMIT[0m
  [1m[36mActiveRecord::InternalMetadata Load (0.5ms)[0m  [1m[34mSELECT "ar_internal_metadata".* FROM "ar_internal_metadata" WHERE "ar_internal_metadata"."key" = $1 LIMIT $2[0m  [["key", "environment"], ["LIMIT", 1]]
  [1m[35m (0.2ms)[0m  [1m[35mBEGIN[0m
  [1m[36mActiveRecord::InternalMetadata Create (5.2ms)[0m  [1m[32mINSERT INTO "ar_internal_metadata" ("key", "value", "created_at", "updated_at") VALUES ($1, $2, $3, $4) RETURNING "key"[0m  [["key", "environment"], ["value", "development"], ["created_at", "2020-08-31 07:13:15.071383"], ["updated_at", "2020-08-31 07:13:15.071383"]]
  [1m[35m (5.0ms)[0m  [1m[35mCOMMIT[0m
  [1m[35m (0.4ms)[0m  [1m[34mSELECT pg_advisory_unlock(3809182142468526495)[0m
  [1m[35m (0.9ms)[0m  [1m[34mSELECT "schema_migrations"."version" FROM "schema_migrations" ORDER BY "schema_migrations"."version" ASC[0m
Started GET "/" for ::1 at 2020-08-31 03:14:25 -0400
  [1m[35m (0.9ms)[0m  [1m[34mSELECT "schema_migrations"."version" FROM "schema_migrations" ORDER BY "schema_migrations"."version" ASC[0m
Processing by Rails::WelcomeController#index as HTML
  Rendering /Users/JulianREIMAGINED/.rvm/gems/ruby-2.6.1/gems/railties-6.0.3.2/lib/rails/templates/rails/welcome/index.html.erb
  Rendered /Users/JulianREIMAGINED/.rvm/gems/ruby-2.6.1/gems/railties-6.0.3.2/lib/rails/templates/rails/welcome/index.html.erb (Duration: 16.0ms | Allocations: 481)
Completed 200 OK in 39ms (Views: 28.9ms | ActiveRecord: 0.0ms | Allocations: 2634)


  [1m[35m (0.4ms)[0m  [1m[34mSELECT pg_try_advisory_lock(3809182142468526495)[0m
  [1m[35m (3.0ms)[0m  [1m[34mSELECT "schema_migrations"."version" FROM "schema_migrations" ORDER BY "schema_migrations"."version" ASC[0m
Migrating to AddIdToUsers (20200831072618)
  [1m[35m (0.2ms)[0m  [1m[35mBEGIN[0m
  [1m[35m (355.0ms)[0m  [1m[35mALTER TABLE "users" ADD "id" integer[0m
  [1m[35m (0.4ms)[0m  [1m[31mROLLBACK[0m
  [1m[35m (0.6ms)[0m  [1m[34mSELECT pg_advisory_unlock(3809182142468526495)[0m
  [1m[35m (0.9ms)[0m  [1m[34mSELECT "schema_migrations"."version" FROM "schema_migrations" ORDER BY "schema_migrations"."version" ASC[0m
  [1m[35m (1.3ms)[0m  [1m[34mSELECT "schema_migrations"."version" FROM "schema_migrations" ORDER BY "schema_migrations"."version" ASC[0m
  [1m[36mUser Load (11.4ms)[0m  [1m[34mSELECT "users".* FROM "users"[0m
  [1m[36mHabit Load (6.6ms)[0m  [1m[34mSELECT "habits".* FROM "habits"[0m
  [1m[36mReminder Load (3.7ms)[0m  [1m[34mSELECT "reminders".* FROM "reminders"[0m
  [1m[35m (0.2ms)[0m  [1m[35mBEGIN[0m
  [1m[36mUser Create (35.9ms)[0m  [1m[32mINSERT INTO "users" ("firstName", "lastName", "email", "username", "password", "created_at", "updated_at") VALUES ($1, $2, $3, $4, $5, $6, $7) RETURNING "id"[0m  [["firstName", "Brendon"], ["lastName", "Clark"], ["email", "bclark@email.com"], ["username", "bclark"], ["password", "abc123"], ["created_at", "2020-08-31 07:41:02.834291"], ["updated_at", "2020-08-31 07:41:02.834291"]]
  [1m[35m (2.6ms)[0m  [1m[35mCOMMIT[0m
  [1m[35m (0.7ms)[0m  [1m[34mSELECT "schema_migrations"."version" FROM "schema_migrations" ORDER BY "schema_migrations"."version" ASC[0m
  [1m[36mUser Load (6.8ms)[0m  [1m[34mSELECT "users".* FROM "users"[0m
  [1m[35m (0.3ms)[0m  [1m[35mBEGIN[0m
  [1m[36mUser Destroy (30.1ms)[0m  [1m[31mDELETE FROM "users" WHERE "users"."id" = $1[0m  [["id", 1]]
  [1m[35m (5.2ms)[0m  [1m[35mCOMMIT[0m
  [1m[36mHabit Load (0.5ms)[0m  [1m[34mSELECT "habits".* FROM "habits"[0m
  [1m[36mReminder Load (0.5ms)[0m  [1m[34mSELECT "reminders".* FROM "reminders"[0m
  [1m[35m (0.2ms)[0m  [1m[35mBEGIN[0m
  [1m[36mUser Create (0.5ms)[0m  [1m[32mINSERT INTO "users" ("firstName", "lastName", "email", "username", "password", "created_at", "updated_at") VALUES ($1, $2, $3, $4, $5, $6, $7) RETURNING "id"[0m  [["firstName", "Brendon"], ["lastName", "Clark"], ["email", "bclark@email.com"], ["username", "bclark"], ["password", "abc123"], ["created_at", "2020-08-31 07:41:43.640580"], ["updated_at", "2020-08-31 07:41:43.640580"]]
  [1m[35m (5.7ms)[0m  [1m[35mCOMMIT[0m
  [1m[35m (1.2ms)[0m  [1m[34mSELECT "schema_migrations"."version" FROM "schema_migrations" ORDER BY "schema_migrations"."version" ASC[0m
  [1m[36mUser Load (0.6ms)[0m  [1m[34mSELECT "users".* FROM "users"[0m
  [1m[35m (0.3ms)[0m  [1m[35mBEGIN[0m
  [1m[36mUser Destroy (0.6ms)[0m  [1m[31mDELETE FROM "users" WHERE "users"."id" = $1[0m  [["id", 2]]
  [1m[35m (5.9ms)[0m  [1m[35mCOMMIT[0m
  [1m[36mHabit Load (0.9ms)[0m  [1m[34mSELECT "habits".* FROM "habits"[0m
  [1m[36mReminder Load (0.9ms)[0m  [1m[34mSELECT "reminders".* FROM "reminders"[0m
  [1m[35m (0.3ms)[0m  [1m[35mBEGIN[0m
  [1m[36mUser Create (0.8ms)[0m  [1m[32mINSERT INTO "users" ("firstName", "lastName", "email", "username", "password", "created_at", "updated_at") VALUES ($1, $2, $3, $4, $5, $6, $7) RETURNING "id"[0m  [["firstName", "Brendon"], ["lastName", "Clark"], ["email", "bclark@email.com"], ["username", "bclark"], ["password", "abc123"], ["created_at", "2020-08-31 07:42:26.282321"], ["updated_at", "2020-08-31 07:42:26.282321"]]
  [1m[35m (6.0ms)[0m  [1m[35mCOMMIT[0m
  [1m[35m (0.8ms)[0m  [1m[34mSELECT "schema_migrations"."version" FROM "schema_migrations" ORDER BY "schema_migrations"."version" ASC[0m
  [1m[36mUser Load (0.6ms)[0m  [1m[34mSELECT "users".* FROM "users"[0m
  [1m[35m (0.3ms)[0m  [1m[35mBEGIN[0m
  [1m[36mUser Destroy (0.6ms)[0m  [1m[31mDELETE FROM "users" WHERE "users"."id" = $1[0m  [["id", 3]]
  [1m[35m (5.9ms)[0m  [1m[35mCOMMIT[0m
  [1m[36mHabit Load (1.3ms)[0m  [1m[34mSELECT "habits".* FROM "habits"[0m
  [1m[36mReminder Load (0.9ms)[0m  [1m[34mSELECT "reminders".* FROM "reminders"[0m
  [1m[35m (0.3ms)[0m  [1m[35mBEGIN[0m
  [1m[36mUser Create (0.8ms)[0m  [1m[32mINSERT INTO "users" ("firstName", "lastName", "email", "username", "password", "created_at", "updated_at") VALUES ($1, $2, $3, $4, $5, $6, $7) RETURNING "id"[0m  [["firstName", "Brendon"], ["lastName", "Clark"], ["email", "bclark@email.com"], ["username", "bclark"], ["password", "abc123"], ["created_at", "2020-08-31 07:42:56.264714"], ["updated_at", "2020-08-31 07:42:56.264714"]]
  [1m[35m (6.6ms)[0m  [1m[35mCOMMIT[0m
  [1m[35m (1.3ms)[0m  [1m[34mSELECT "schema_migrations"."version" FROM "schema_migrations" ORDER BY "schema_migrations"."version" ASC[0m
  [1m[36mUser Load (0.6ms)[0m  [1m[34mSELECT "users".* FROM "users"[0m
  [1m[35m (0.2ms)[0m  [1m[35mBEGIN[0m
  [1m[36mUser Destroy (0.5ms)[0m  [1m[31mDELETE FROM "users" WHERE "users"."id" = $1[0m  [["id", 4]]
  [1m[35m (6.0ms)[0m  [1m[35mCOMMIT[0m
  [1m[36mHabit Load (1.0ms)[0m  [1m[34mSELECT "habits".* FROM "habits"[0m
  [1m[36mReminder Load (0.9ms)[0m  [1m[34mSELECT "reminders".* FROM "reminders"[0m
  [1m[35m (0.2ms)[0m  [1m[35mBEGIN[0m
  [1m[36mUser Create (0.6ms)[0m  [1m[32mINSERT INTO "users" ("firstName", "lastName", "email", "username", "password", "created_at", "updated_at") VALUES ($1, $2, $3, $4, $5, $6, $7) RETURNING "id"[0m  [["firstName", "Brendon"], ["lastName", "Clark"], ["email", "bclark@email.com"], ["username", "bclark"], ["password", "abc123"], ["created_at", "2020-08-31 07:43:37.794786"], ["updated_at", "2020-08-31 07:43:37.794786"]]
  [1m[35m (5.9ms)[0m  [1m[35mCOMMIT[0m
  [1m[35m (1.3ms)[0m  [1m[34mSELECT "schema_migrations"."version" FROM "schema_migrations" ORDER BY "schema_migrations"."version" ASC[0m
  [1m[36mUser Load (0.6ms)[0m  [1m[34mSELECT "users".* FROM "users"[0m
  [1m[35m (0.2ms)[0m  [1m[35mBEGIN[0m
  [1m[36mUser Destroy (1.5ms)[0m  [1m[31mDELETE FROM "users" WHERE "users"."id" = $1[0m  [["id", 5]]
  [1m[35m (7.1ms)[0m  [1m[35mCOMMIT[0m
  [1m[36mHabit Load (1.0ms)[0m  [1m[34mSELECT "habits".* FROM "habits"[0m
  [1m[36mReminder Load (0.9ms)[0m  [1m[34mSELECT "reminders".* FROM "reminders"[0m
  [1m[35m (0.2ms)[0m  [1m[35mBEGIN[0m
  [1m[36mUser Create (0.7ms)[0m  [1m[32mINSERT INTO "users" ("firstName", "lastName", "email", "username", "password", "created_at", "updated_at") VALUES ($1, $2, $3, $4, $5, $6, $7) RETURNING "id"[0m  [["firstName", "Brendon"], ["lastName", "Clark"], ["email", "bclark@email.com"], ["username", "bclark"], ["password", "abc123"], ["created_at", "2020-08-31 07:44:17.801228"], ["updated_at", "2020-08-31 07:44:17.801228"]]
  [1m[35m (5.8ms)[0m  [1m[35mCOMMIT[0m
  [1m[35m (1.2ms)[0m  [1m[34mSELECT "schema_migrations"."version" FROM "schema_migrations" ORDER BY "schema_migrations"."version" ASC[0m
  [1m[36mUser Load (0.6ms)[0m  [1m[34mSELECT "users".* FROM "users"[0m
  [1m[35m (0.3ms)[0m  [1m[35mBEGIN[0m
  [1m[36mUser Destroy (0.5ms)[0m  [1m[31mDELETE FROM "users" WHERE "users"."id" = $1[0m  [["id", 6]]
  [1m[35m (6.0ms)[0m  [1m[35mCOMMIT[0m
  [1m[36mHabit Load (1.0ms)[0m  [1m[34mSELECT "habits".* FROM "habits"[0m
  [1m[36mReminder Load (0.9ms)[0m  [1m[34mSELECT "reminders".* FROM "reminders"[0m
  [1m[35m (0.3ms)[0m  [1m[35mBEGIN[0m
  [1m[36mUser Create (0.8ms)[0m  [1m[32mINSERT INTO "users" ("firstName", "lastName", "email", "username", "password", "created_at", "updated_at") VALUES ($1, $2, $3, $4, $5, $6, $7) RETURNING "id"[0m  [["firstName", "Brendon"], ["lastName", "Clark"], ["email", "bclark@email.com"], ["username", "bclark"], ["password", "abc123"], ["created_at", "2020-08-31 07:44:54.533822"], ["updated_at", "2020-08-31 07:44:54.533822"]]
  [1m[35m (6.0ms)[0m  [1m[35mCOMMIT[0m
  [1m[35m (0.3ms)[0m  [1m[35mBEGIN[0m
  [1m[36mUser Load (0.5ms)[0m  [1m[34mSELECT "users".* FROM "users" WHERE "users"."id" = $1 LIMIT $2[0m  [["id", 1], ["LIMIT", 1]]
  [1m[35m (0.3ms)[0m  [1m[31mROLLBACK[0m
  [1m[35m (0.2ms)[0m  [1m[35mBEGIN[0m
  [1m[36mHabit Load (0.3ms)[0m  [1m[34mSELECT "habits".* FROM "habits" WHERE "habits"."id" = $1 LIMIT $2[0m  [["id", 1], ["LIMIT", 1]]
  [1m[35m (0.2ms)[0m  [1m[31mROLLBACK[0m
Started GET "/api/v1/users" for ::1 at 2020-08-31 03:45:36 -0400
  [1m[35m (0.9ms)[0m  [1m[34mSELECT "schema_migrations"."version" FROM "schema_migrations" ORDER BY "schema_migrations"."version" ASC[0m
  
ActionController::RoutingError (No route matches [GET] "/api/v1/users"):
  
actionpack (6.0.3.2) lib/action_dispatch/middleware/debug_exceptions.rb:36:in `call'
actionpack (6.0.3.2) lib/action_dispatch/middleware/show_exceptions.rb:33:in `call'
railties (6.0.3.2) lib/rails/rack/logger.rb:37:in `call_app'
railties (6.0.3.2) lib/rails/rack/logger.rb:26:in `block in call'
activesupport (6.0.3.2) lib/active_support/tagged_logging.rb:80:in `block in tagged'
activesupport (6.0.3.2) lib/active_support/tagged_logging.rb:28:in `tagged'
activesupport (6.0.3.2) lib/active_support/tagged_logging.rb:80:in `tagged'
railties (6.0.3.2) lib/rails/rack/logger.rb:26:in `call'
actionpack (6.0.3.2) lib/action_dispatch/middleware/remote_ip.rb:81:in `call'
actionpack (6.0.3.2) lib/action_dispatch/middleware/request_id.rb:27:in `call'
rack (2.2.3) lib/rack/runtime.rb:22:in `call'
activesupport (6.0.3.2) lib/active_support/cache/strategy/local_cache_middleware.rb:29:in `call'
actionpack (6.0.3.2) lib/action_dispatch/middleware/executor.rb:14:in `call'
actionpack (6.0.3.2) lib/action_dispatch/middleware/static.rb:126:in `call'
rack (2.2.3) lib/rack/sendfile.rb:110:in `call'
actionpack (6.0.3.2) lib/action_dispatch/middleware/host_authorization.rb:82:in `call'
railties (6.0.3.2) lib/rails/engine.rb:527:in `call'
puma (4.3.5) lib/puma/configuration.rb:228:in `call'
puma (4.3.5) lib/puma/server.rb:713:in `handle_request'
puma (4.3.5) lib/puma/server.rb:472:in `process_client'
puma (4.3.5) lib/puma/server.rb:328:in `block in run'
puma (4.3.5) lib/puma/thread_pool.rb:134:in `block in spawn_thread'
Started GET "/" for ::1 at 2020-08-31 03:45:44 -0400
Processing by Rails::WelcomeController#index as HTML
  Rendering /Users/JulianREIMAGINED/.rvm/gems/ruby-2.6.1/gems/railties-6.0.3.2/lib/rails/templates/rails/welcome/index.html.erb
  Rendered /Users/JulianREIMAGINED/.rvm/gems/ruby-2.6.1/gems/railties-6.0.3.2/lib/rails/templates/rails/welcome/index.html.erb (Duration: 18.9ms | Allocations: 196)
Completed 200 OK in 28ms (Views: 22.1ms | ActiveRecord: 0.0ms | Allocations: 870)


Started GET "/api/v1/users" for ::1 at 2020-08-31 03:46:45 -0400
Processing by Api::V1::UsersController#index as HTML
  [1m[36mUser Load (1.7ms)[0m  [1m[34mSELECT "users".* FROM "users"[0m
  ↳ app/controllers/api/v1/users_controller.rb:8:in `index'
Completed 200 OK in 40ms (Views: 16.1ms | ActiveRecord: 9.7ms | Allocations: 8485)


Started GET "/favicon.ico" for ::1 at 2020-08-31 03:46:45 -0400
  
ActionController::RoutingError (No route matches [GET] "/favicon.ico"):
  
actionpack (6.0.3.2) lib/action_dispatch/middleware/debug_exceptions.rb:36:in `call'
actionpack (6.0.3.2) lib/action_dispatch/middleware/show_exceptions.rb:33:in `call'
railties (6.0.3.2) lib/rails/rack/logger.rb:37:in `call_app'
railties (6.0.3.2) lib/rails/rack/logger.rb:26:in `block in call'
activesupport (6.0.3.2) lib/active_support/tagged_logging.rb:80:in `block in tagged'
activesupport (6.0.3.2) lib/active_support/tagged_logging.rb:28:in `tagged'
activesupport (6.0.3.2) lib/active_support/tagged_logging.rb:80:in `tagged'
railties (6.0.3.2) lib/rails/rack/logger.rb:26:in `call'
actionpack (6.0.3.2) lib/action_dispatch/middleware/remote_ip.rb:81:in `call'
actionpack (6.0.3.2) lib/action_dispatch/middleware/request_id.rb:27:in `call'
rack (2.2.3) lib/rack/runtime.rb:22:in `call'
activesupport (6.0.3.2) lib/active_support/cache/strategy/local_cache_middleware.rb:29:in `call'
actionpack (6.0.3.2) lib/action_dispatch/middleware/executor.rb:14:in `call'
actionpack (6.0.3.2) lib/action_dispatch/middleware/static.rb:126:in `call'
rack (2.2.3) lib/rack/sendfile.rb:110:in `call'
actionpack (6.0.3.2) lib/action_dispatch/middleware/host_authorization.rb:82:in `call'
railties (6.0.3.2) lib/rails/engine.rb:527:in `call'
puma (4.3.5) lib/puma/configuration.rb:228:in `call'
puma (4.3.5) lib/puma/server.rb:713:in `handle_request'
puma (4.3.5) lib/puma/server.rb:472:in `process_client'
puma (4.3.5) lib/puma/server.rb:328:in `block in run'
puma (4.3.5) lib/puma/thread_pool.rb:134:in `block in spawn_thread'
Started GET "/api/v1/habits" for ::1 at 2020-08-31 03:47:01 -0400
Processing by Api::V1::HabitsController#index as HTML
  [1m[36mHabit Load (2.3ms)[0m  [1m[34mSELECT "habits".* FROM "habits"[0m
  ↳ app/controllers/api/v1/habits_controller.rb:8:in `index'
Completed 200 OK in 52ms (Views: 12.8ms | ActiveRecord: 7.3ms | Allocations: 2565)


Started GET "/api/v1/reminders" for ::1 at 2020-08-31 03:47:13 -0400
Processing by Api::V1::RemindersController#index as HTML
  [1m[36mReminder Load (3.3ms)[0m  [1m[34mSELECT "reminders".* FROM "reminders"[0m
  ↳ app/controllers/api/v1/reminders_controller.rb:8:in `index'
Completed 200 OK in 18ms (Views: 3.9ms | ActiveRecord: 6.2ms | Allocations: 1778)


  [1m[35m (0.9ms)[0m  [1m[34mSELECT "schema_migrations"."version" FROM "schema_migrations" ORDER BY "schema_migrations"."version" ASC[0m
  [1m[36mUser Load (0.7ms)[0m  [1m[34mSELECT "users".* FROM "users"[0m
  [1m[35m (0.2ms)[0m  [1m[35mBEGIN[0m
  [1m[36mUser Destroy (0.5ms)[0m  [1m[31mDELETE FROM "users" WHERE "users"."id" = $1[0m  [["id", 7]]
  [1m[35m (8.5ms)[0m  [1m[35mCOMMIT[0m
  [1m[36mHabit Load (1.2ms)[0m  [1m[34mSELECT "habits".* FROM "habits"[0m
  [1m[36mReminder Load (0.9ms)[0m  [1m[34mSELECT "reminders".* FROM "reminders"[0m
  [1m[35m (0.3ms)[0m  [1m[35mBEGIN[0m
  [1m[36mUser Create (0.8ms)[0m  [1m[32mINSERT INTO "users" ("firstName", "lastName", "email", "username", "password", "created_at", "updated_at") VALUES ($1, $2, $3, $4, $5, $6, $7) RETURNING "id"[0m  [["firstName", "Brendon"], ["lastName", "Clark"], ["email", "bclark@email.com"], ["username", "bclark"], ["password", "abc123"], ["created_at", "2020-08-31 07:48:12.956650"], ["updated_at", "2020-08-31 07:48:12.956650"]]
  [1m[35m (9.9ms)[0m  [1m[35mCOMMIT[0m
  [1m[35m (0.3ms)[0m  [1m[35mBEGIN[0m
  [1m[36mUser Load (0.4ms)[0m  [1m[34mSELECT "users".* FROM "users" WHERE "users"."id" = $1 LIMIT $2[0m  [["id", 7], ["LIMIT", 1]]
  [1m[35m (0.2ms)[0m  [1m[31mROLLBACK[0m
  [1m[35m (0.2ms)[0m  [1m[35mBEGIN[0m
  [1m[36mHabit Load (0.4ms)[0m  [1m[34mSELECT "habits".* FROM "habits" WHERE "habits"."id" = $1 LIMIT $2[0m  [["id", 1], ["LIMIT", 1]]
  [1m[35m (0.2ms)[0m  [1m[31mROLLBACK[0m
Started GET "/api/v1/users" for ::1 at 2020-08-31 03:48:18 -0400
Processing by Api::V1::UsersController#index as HTML
  [1m[36mUser Load (1.4ms)[0m  [1m[34mSELECT "users".* FROM "users"[0m
  ↳ app/controllers/api/v1/users_controller.rb:8:in `index'
Completed 200 OK in 19ms (Views: 14.7ms | ActiveRecord: 1.4ms | Allocations: 992)


Started GET "/api/v1/habits" for ::1 at 2020-08-31 03:48:22 -0400
Processing by Api::V1::HabitsController#index as HTML
  [1m[36mHabit Load (0.5ms)[0m  [1m[34mSELECT "habits".* FROM "habits"[0m
  ↳ app/controllers/api/v1/habits_controller.rb:8:in `index'
Completed 200 OK in 5ms (Views: 3.1ms | ActiveRecord: 0.5ms | Allocations: 839)


  [1m[35m (1.2ms)[0m  [1m[34mSELECT "schema_migrations"."version" FROM "schema_migrations" ORDER BY "schema_migrations"."version" ASC[0m
  [1m[36mUser Load (0.6ms)[0m  [1m[34mSELECT "users".* FROM "users"[0m
  [1m[35m (0.3ms)[0m  [1m[35mBEGIN[0m
  [1m[36mUser Destroy (0.6ms)[0m  [1m[31mDELETE FROM "users" WHERE "users"."id" = $1[0m  [["id", 8]]
  [1m[35m (5.9ms)[0m  [1m[35mCOMMIT[0m
  [1m[36mHabit Load (0.9ms)[0m  [1m[34mSELECT "habits".* FROM "habits"[0m
  [1m[36mReminder Load (0.9ms)[0m  [1m[34mSELECT "reminders".* FROM "reminders"[0m
  [1m[35m (0.3ms)[0m  [1m[35mBEGIN[0m
  [1m[36mUser Create (0.7ms)[0m  [1m[32mINSERT INTO "users" ("id", "firstName", "lastName", "email", "username", "password", "created_at", "updated_at") VALUES ($1, $2, $3, $4, $5, $6, $7, $8) RETURNING "id"[0m  [["id", 1], ["firstName", "Brendon"], ["lastName", "Clark"], ["email", "bclark@email.com"], ["username", "bclark"], ["password", "abc123"], ["created_at", "2020-08-31 07:48:53.431566"], ["updated_at", "2020-08-31 07:48:53.431566"]]
  [1m[35m (5.9ms)[0m  [1m[35mCOMMIT[0m
  [1m[35m (0.3ms)[0m  [1m[35mBEGIN[0m
  [1m[36mUser Load (0.4ms)[0m  [1m[34mSELECT "users".* FROM "users" WHERE "users"."id" = $1 LIMIT $2[0m  [["id", 1], ["LIMIT", 1]]
  [1m[36mHabit Create (1.3ms)[0m  [1m[32mINSERT INTO "habits" ("user_id", "name", "description", "dateCreated", "progress", "counter", "percentage", "dailyWinConfirmation", "created_at", "updated_at") VALUES ($1, $2, $3, $4, $5, $6, $7, $8, $9, $10) RETURNING "id"[0m  [["user_id", 1], ["name", "Meditation"], ["description", "meditate for 20 min at least once daily"], ["dateCreated", 1988], ["progress", 0], ["counter", 1], ["percentage", 4], ["dailyWinConfirmation", false], ["created_at", "2020-08-31 07:48:53.490737"], ["updated_at", "2020-08-31 07:48:53.490737"]]
  [1m[35m (9.1ms)[0m  [1m[35mCOMMIT[0m
  [1m[35m (0.2ms)[0m  [1m[35mBEGIN[0m
  [1m[36mHabit Load (0.3ms)[0m  [1m[34mSELECT "habits".* FROM "habits" WHERE "habits"."id" = $1 LIMIT $2[0m  [["id", 1], ["LIMIT", 1]]
  [1m[36mReminder Create (0.8ms)[0m  [1m[32mINSERT INTO "reminders" ("habit_id", "duration", "startDate", "endDate", "active", "stickified", "created_at", "updated_at") VALUES ($1, $2, $3, $4, $5, $6, $7, $8) RETURNING "id"[0m  [["habit_id", 1], ["duration", 21], ["startDate", 1987], ["endDate", 1996], ["active", false], ["stickified", false], ["created_at", "2020-08-31 07:48:53.531927"], ["updated_at", "2020-08-31 07:48:53.531927"]]
  [1m[35m (6.5ms)[0m  [1m[35mCOMMIT[0m
Started GET "/api/v1/users" for ::1 at 2020-08-31 03:49:05 -0400
Processing by Api::V1::UsersController#index as HTML
  [1m[36mUser Load (0.4ms)[0m  [1m[34mSELECT "users".* FROM "users"[0m
  ↳ app/controllers/api/v1/users_controller.rb:8:in `index'
Completed 200 OK in 4ms (Views: 2.5ms | ActiveRecord: 0.4ms | Allocations: 1011)


Started GET "/api/v1/habits" for ::1 at 2020-08-31 03:49:08 -0400
Processing by Api::V1::HabitsController#index as HTML
  [1m[36mHabit Load (0.4ms)[0m  [1m[34mSELECT "habits".* FROM "habits"[0m
  ↳ app/controllers/api/v1/habits_controller.rb:8:in `index'
Completed 200 OK in 40ms (Views: 34.7ms | ActiveRecord: 4.8ms | Allocations: 8500)


Started GET "/api/v1/reminders" for ::1 at 2020-08-31 03:49:10 -0400
Processing by Api::V1::RemindersController#index as HTML
  [1m[36mReminder Load (0.6ms)[0m  [1m[34mSELECT "reminders".* FROM "reminders"[0m
  ↳ app/controllers/api/v1/reminders_controller.rb:8:in `index'
Completed 200 OK in 45ms (Views: 41.9ms | ActiveRecord: 3.0ms | Allocations: 6504)


